<?xml version="1.0" encoding="UTF-8"?>
<!-- Generated by org.testng.reporters.JUnitReportReporter -->
<testsuite skipped="0" hostname="DESKTOP-UTIESKD" name="EXCUTE.ecommerce" tests="1" failures="0" timestamp="12 thg 4 2021 08:15:10 GMT" time="70.763" errors="0">
  <testcase name="Test" time="70.763" classname="EXCUTE.ecommerce"/>
</testsuite> <!-- EXCUTE.ecommerce -->
