<?xml version="1.0" encoding="UTF-8"?>
<!-- Generated by org.testng.reporters.JUnitReportReporter -->
<testsuite skipped="0" hostname="DESKTOP-UTIESKD" name="EXCUTE.ecommerce" tests="1" failures="0" timestamp="13 thg 4 2021 05:03:50 GMT" time="33.593" errors="0">
  <testcase name="Test" time="33.593" classname="EXCUTE.ecommerce"/>
</testsuite> <!-- EXCUTE.ecommerce -->
