<?xml version="1.0" encoding="UTF-8"?>
<!-- Generated by org.testng.reporters.JUnitReportReporter -->
<testsuite skipped="0" hostname="DESKTOP-UTIESKD" name="EXCUTE.test" tests="1" failures="0" timestamp="13 thg 4 2021 04:58:25 GMT" time="33.226" errors="0">
  <testcase name="Test" time="33.226" classname="EXCUTE.test"/>
</testsuite> <!-- EXCUTE.test -->
